<?xml version="1.0" encoding="UTF-8"?>
<!-- Generated by org.testng.reporters.JUnitXMLReporter -->
<testsuite ignored="0" hostname="LAPTOP-FBFH97BN" failures="0" tests="5" name="TestNG" time="118.722" errors="0" timestamp="2022-02-01T20:22:44 EST">
  <testcase classname="testlayer.Signup_Test" name="features" time="15.32"/>
  <testcase classname="testlayer.Signup_Test" name="features" time="15.348"/>
  <testcase classname="testlayer.Signup_Test" name="login_parameter_test" time="13.343"/>
  <testcase classname="testlayer.Signup_Test" name="login_parameter_test" time="13.309"/>
  <testcase classname="testlayer.Signup_Test" name="process" time="42.495"/>
</testsuite> <!-- TestNG -->
