<?xml version="1.0" encoding="UTF-8"?>
<!-- Generated by org.testng.reporters.JUnitXMLReporter -->
<testsuite ignored="0" hostname="LAPTOP-FBFH97BN" failures="0" tests="4" name="Default test" time="109.218" errors="0" timestamp="2022-01-04T03:02:39 EST">
  <testcase classname="testlayer.LoginTest" name="Title" time="0.031"/>
  <testcase classname="testlayer.LoginTest" name="login" time="30.225"/>
  <testcase classname="testlayer.LoginTest" name="login" time="30.189"/>
  <testcase classname="testlayer.LoginTest" name="login" time="30.186"/>
</testsuite> <!-- Default test -->
