<?xml version="1.0" encoding="UTF-8"?>
<testng-results ignored="0" total="4" passed="4" failed="0" skipped="0">
  <reporter-output>
  </reporter-output>
  <suite started-at="2022-01-04T03:00:50 EST" name="Default suite" finished-at="2022-01-04T03:02:39 EST" duration-ms="109218">
    <groups>
    </groups>
    <test started-at="2022-01-04T03:00:50 EST" name="Default test" finished-at="2022-01-04T03:02:39 EST" duration-ms="109218">
      <class name="testlayer.LoginTest">
        <test-method is-config="true" signature="initsetup()[pri:0, instance:testlayer.LoginTest@25084a1e]" started-at="2022-01-04T03:00:50 EST" name="initsetup" finished-at="2022-01-04T03:00:56 EST" duration-ms="6057" status="PASS">
          <reporter-output>
          </reporter-output>
        </test-method> <!-- initsetup -->
        <test-method signature="Title()[pri:1, instance:testlayer.LoginTest@25084a1e]" started-at="2022-01-04T03:00:56 EST" name="Title" finished-at="2022-01-04T03:00:56 EST" duration-ms="31" status="PASS">
          <reporter-output>
          </reporter-output>
        </test-method> <!-- Title -->
        <test-method is-config="true" signature="close()[pri:0, instance:testlayer.LoginTest@25084a1e]" started-at="2022-01-04T03:00:56 EST" name="close" finished-at="2022-01-04T03:00:56 EST" duration-ms="203" status="PASS">
          <reporter-output>
          </reporter-output>
        </test-method> <!-- close -->
        <test-method is-config="true" signature="initsetup()[pri:0, instance:testlayer.LoginTest@25084a1e]" started-at="2022-01-04T03:00:57 EST" name="initsetup" finished-at="2022-01-04T03:01:01 EST" duration-ms="3499" status="PASS">
          <reporter-output>
          </reporter-output>
        </test-method> <!-- initsetup -->
        <test-method signature="login(java.lang.String,java.lang.String)[pri:2, instance:testlayer.LoginTest@25084a1e]" started-at="2022-01-04T03:01:01 EST" name="login" data-provider="Details" finished-at="2022-01-04T03:01:31 EST" duration-ms="30225" status="PASS">
          <params>
            <param index="0">
              <value>
                <![CDATA[admin]]>
              </value>
            </param>
            <param index="1">
              <value>
                <![CDATA[admin123]]>
              </value>
            </param>
          </params>
          <reporter-output>
          </reporter-output>
        </test-method> <!-- login -->
        <test-method is-config="true" signature="close()[pri:0, instance:testlayer.LoginTest@25084a1e]" started-at="2022-01-04T03:01:31 EST" name="close" finished-at="2022-01-04T03:01:31 EST" duration-ms="128" status="PASS">
          <reporter-output>
          </reporter-output>
        </test-method> <!-- close -->
        <test-method is-config="true" signature="initsetup()[pri:0, instance:testlayer.LoginTest@25084a1e]" started-at="2022-01-04T03:01:31 EST" name="initsetup" finished-at="2022-01-04T03:01:35 EST" duration-ms="3556" status="PASS">
          <reporter-output>
          </reporter-output>
        </test-method> <!-- initsetup -->
        <test-method signature="login(java.lang.String,java.lang.String)[pri:2, instance:testlayer.LoginTest@25084a1e]" started-at="2022-01-04T03:01:35 EST" name="login" data-provider="Details" finished-at="2022-01-04T03:02:05 EST" duration-ms="30189" status="PASS">
          <params>
            <param index="0">
              <value>
                <![CDATA[admin]]>
              </value>
            </param>
            <param index="1">
              <value>
                <![CDATA[abcd]]>
              </value>
            </param>
          </params>
          <reporter-output>
          </reporter-output>
        </test-method> <!-- login -->
        <test-method is-config="true" signature="close()[pri:0, instance:testlayer.LoginTest@25084a1e]" started-at="2022-01-04T03:02:05 EST" name="close" finished-at="2022-01-04T03:02:05 EST" duration-ms="139" status="PASS">
          <reporter-output>
          </reporter-output>
        </test-method> <!-- close -->
        <test-method is-config="true" signature="initsetup()[pri:0, instance:testlayer.LoginTest@25084a1e]" started-at="2022-01-04T03:02:05 EST" name="initsetup" finished-at="2022-01-04T03:02:09 EST" duration-ms="3659" status="PASS">
          <reporter-output>
          </reporter-output>
        </test-method> <!-- initsetup -->
        <test-method signature="login(java.lang.String,java.lang.String)[pri:2, instance:testlayer.LoginTest@25084a1e]" started-at="2022-01-04T03:02:09 EST" name="login" data-provider="Details" finished-at="2022-01-04T03:02:39 EST" duration-ms="30186" status="PASS">
          <params>
            <param index="0">
              <value>
                <![CDATA[scott]]>
              </value>
            </param>
            <param index="1">
              <value>
                <![CDATA[xyz]]>
              </value>
            </param>
          </params>
          <reporter-output>
          </reporter-output>
        </test-method> <!-- login -->
        <test-method is-config="true" signature="close()[pri:0, instance:testlayer.LoginTest@25084a1e]" started-at="2022-01-04T03:02:39 EST" name="close" finished-at="2022-01-04T03:02:39 EST" duration-ms="151" status="PASS">
          <reporter-output>
          </reporter-output>
        </test-method> <!-- close -->
      </class> <!-- testlayer.LoginTest -->
    </test> <!-- Default test -->
  </suite> <!-- Default suite -->
</testng-results>
